\BOOKMARK [1][-]{section.1}{\376\377\000I\000n\000t\000r\000o\000d\000u\000c\000c\000i\000\363\000n}{}% 1
\BOOKMARK [2][-]{subsection.1.1}{\376\377\000C\000o\000n\000t\000e\000x\000t\000o\000\040\000d\000e\000l\000\040\000d\000a\000t\000a\000s\000e\000t}{section.1}% 2
\BOOKMARK [2][-]{subsection.1.2}{\376\377\000O\000b\000j\000e\000t\000i\000v\000o}{section.1}% 3
\BOOKMARK [1][-]{section.2}{\376\377\000P\000l\000a\000n\000t\000e\000a\000m\000i\000e\000n\000t\000o\000\040\000d\000e\000\040\000H\000i\000p\000\363\000t\000e\000s\000i\000s\000\040\000y\000\040\000P\000r\000e\000g\000u\000n\000t\000a\000s}{}% 4
\BOOKMARK [2][-]{subsection.2.1}{\376\377\000D\000i\000f\000e\000r\000e\000n\000c\000i\000a\000\040\000d\000e\000\040\000m\000e\000d\000i\000a\000s\000\040\000\050\000t\000-\000t\000e\000s\000t\000\051}{section.2}% 5
\BOOKMARK [2][-]{subsection.2.2}{\376\377\000A\000N\000O\000V\000A\000\040\000\050\000A\000n\000\341\000l\000i\000s\000i\000s\000\040\000d\000e\000\040\000v\000a\000r\000i\000a\000n\000z\000a\000\051}{section.2}% 6
\BOOKMARK [2][-]{subsection.2.3}{\376\377\000P\000C\000A\000\040\000\050\000A\000n\000\341\000l\000i\000s\000i\000s\000\040\000d\000e\000\040\000C\000o\000m\000p\000o\000n\000e\000n\000t\000e\000s\000\040\000P\000r\000i\000n\000c\000i\000p\000a\000l\000e\000s\000\051}{section.2}% 7
\BOOKMARK [2][-]{subsection.2.4}{\376\377\000R\000e\000g\000r\000e\000s\000i\000\363\000n\000\040\000L\000i\000n\000e\000a\000l\000\040\000\050\000P\000r\000e\000d\000i\000c\000c\000i\000\363\000n\000\051}{section.2}% 8
\BOOKMARK [2][-]{subsection.2.5}{\376\377\000R\000e\000g\000r\000e\000s\000i\000\363\000n\000\040\000L\000o\000g\000\355\000s\000t\000i\000c\000a\000\040\000\050\000C\000l\000a\000s\000i\000f\000i\000c\000a\000c\000i\000\363\000n\000\051}{section.2}% 9
\BOOKMARK [1][-]{section.3}{\376\377\000E\000x\000p\000l\000o\000r\000a\000c\000i\000\363\000n\000\040\000d\000e\000\040\000D\000a\000t\000o\000s\000\040\000\050\000E\000D\000A\000\051}{}% 10
\BOOKMARK [2][-]{subsection.3.1}{\376\377\000E\000s\000t\000a\000d\000\355\000s\000t\000i\000c\000a\000s\000\040\000d\000e\000s\000c\000r\000i\000p\000t\000i\000v\000a\000s}{section.3}% 11
\BOOKMARK [2][-]{subsection.3.2}{\376\377\000H\000i\000s\000t\000o\000g\000r\000a\000m\000a\000s\000\040\000y\000\040\000b\000o\000x\000p\000l\000o\000t\000s}{section.3}% 12
\BOOKMARK [2][-]{subsection.3.3}{\376\377\000M\000a\000t\000r\000i\000z\000\040\000d\000e\000\040\000c\000o\000r\000r\000e\000l\000a\000c\000i\000\363\000n}{section.3}% 13
\BOOKMARK [2][-]{subsection.3.4}{\376\377\000L\000i\000m\000p\000i\000e\000z\000a\000\040\000d\000e\000\040\000d\000a\000t\000o\000s}{section.3}% 14
\BOOKMARK [3][-]{subsubsection.3.4.1}{\376\377\000V\000a\000l\000o\000r\000e\000s\000\040\000f\000a\000l\000t\000a\000n\000t\000e\000s\000\040\000\050\000N\000A\000s\000\051}{subsection.3.4}% 15
\BOOKMARK [3][-]{subsubsection.3.4.2}{\376\377\000D\000e\000t\000e\000c\000c\000i\000\363\000n\000\040\000d\000e\000\040\000o\000u\000t\000l\000i\000e\000r\000s}{subsection.3.4}% 16
\BOOKMARK [2][-]{subsection.3.5}{\376\377\000A\000n\000\341\000l\000i\000s\000i\000s\000\040\000d\000e\000\040\000f\000a\000c\000t\000o\000r\000e\000s\000\040\000a\000c\000a\000d\000\351\000m\000i\000c\000o\000s}{section.3}% 17
\BOOKMARK [3][-]{subsubsection.3.5.1}{\376\377\000T\000i\000e\000m\000p\000o\000\040\000d\000e\000\040\000e\000s\000t\000u\000d\000i\000o\000\040\000y\000\040\000r\000e\000n\000d\000i\000m\000i\000e\000n\000t\000o}{subsection.3.5}% 18
\BOOKMARK [3][-]{subsubsection.3.5.2}{\376\377\000A\000u\000s\000e\000n\000c\000i\000a\000s\000\040\000y\000\040\000r\000e\000n\000d\000i\000m\000i\000e\000n\000t\000o\000\040\000a\000c\000a\000d\000\351\000m\000i\000c\000o}{subsection.3.5}% 19
\BOOKMARK [3][-]{subsubsection.3.5.3}{\376\377\000E\000v\000o\000l\000u\000c\000i\000\363\000n\000\040\000d\000e\000\040\000c\000a\000l\000i\000f\000i\000c\000a\000c\000i\000o\000n\000e\000s\000\040\000d\000u\000r\000a\000n\000t\000e\000\040\000e\000l\000\040\000a\000\361\000o\000\040\000a\000c\000a\000d\000\351\000m\000i\000c\000o}{subsection.3.5}% 20
\BOOKMARK [1][-]{section.4}{\376\377\000E\000s\000t\000a\000d\000\355\000s\000t\000i\000c\000a\000\040\000I\000n\000f\000e\000r\000e\000n\000c\000i\000a\000l}{}% 21
\BOOKMARK [2][-]{subsection.4.1}{\376\377\000t\000-\000t\000e\000s\000t\000:\000\040\000D\000i\000f\000e\000r\000e\000n\000c\000i\000a\000s\000\040\000p\000o\000r\000\040\000s\000e\000x\000o}{section.4}% 22
\BOOKMARK [3][-]{subsubsection.4.1.1}{\376\377\000M\000a\000t\000e\000m\000\341\000t\000i\000c\000a\000s}{subsection.4.1}% 23
\BOOKMARK [3][-]{subsubsection.4.1.2}{\376\377\000P\000o\000r\000t\000u\000g\000u\000\351\000s}{subsection.4.1}% 24
\BOOKMARK [2][-]{subsection.4.2}{\376\377\000A\000N\000O\000V\000A\000:\000\040\000E\000d\000u\000c\000a\000c\000i\000\363\000n\000\040\000d\000e\000\040\000l\000o\000s\000\040\000p\000a\000d\000r\000e\000s}{section.4}% 25
\BOOKMARK [1][-]{section.5}{\376\377\000P\000C\000A\000\040\000\050\000A\000n\000\341\000l\000i\000s\000i\000s\000\040\000d\000e\000\040\000C\000o\000m\000p\000o\000n\000e\000n\000t\000e\000s\000\040\000P\000r\000i\000n\000c\000i\000p\000a\000l\000e\000s\000\051}{}% 26
\BOOKMARK [2][-]{subsection.5.1}{\376\377\000S\000e\000l\000e\000c\000c\000i\000\363\000n\000\040\000d\000e\000\040\000v\000a\000r\000i\000a\000b\000l\000e\000s}{section.5}% 27
\BOOKMARK [2][-]{subsection.5.2}{\376\377\000C\000o\000m\000p\000o\000n\000e\000n\000t\000e\000s\000\040\000p\000r\000i\000n\000c\000i\000p\000a\000l\000e\000s\000\040\000c\000a\000l\000c\000u\000l\000a\000d\000o\000s}{section.5}% 28
\BOOKMARK [2][-]{subsection.5.3}{\376\377\000V\000i\000s\000u\000a\000l\000i\000z\000a\000c\000i\000\363\000n\000\040\000P\000C\0001\000\040\000v\000s\000\040\000P\000C\0002}{section.5}% 29
\BOOKMARK [2][-]{subsection.5.4}{\376\377\000I\000n\000t\000e\000r\000p\000r\000e\000t\000a\000c\000i\000\363\000n\000\040\000d\000e\000\040\000c\000o\000m\000p\000o\000n\000e\000n\000t\000e\000s}{section.5}% 30
\BOOKMARK [3][-]{subsubsection.5.4.1}{\376\377\000P\000C\0001\000\040\000-\000\040\000F\000a\000c\000t\000o\000r\000\040\000S\000o\000c\000i\000o\000-\000e\000c\000o\000n\000\363\000m\000i\000c\000o\000\040\000\050\0002\0003\000.\0004\000\045\000\051}{subsection.5.4}% 31
\BOOKMARK [3][-]{subsubsection.5.4.2}{\376\377\000P\000C\0002\000\040\000-\000\040\000F\000a\000c\000t\000o\000r\000\040\000A\000c\000a\000d\000\351\000m\000i\000c\000o\000-\000C\000o\000n\000d\000u\000c\000t\000u\000a\000l\000\040\000\050\0001\0008\000.\0007\000\045\000\051}{subsection.5.4}% 32
\BOOKMARK [1][-]{section.6}{\376\377\000M\000o\000d\000e\000l\000a\000d\000o\000\040\000P\000r\000e\000d\000i\000c\000t\000i\000v\000o}{}% 33
\BOOKMARK [2][-]{subsection.6.1}{\376\377\000R\000e\000g\000r\000e\000s\000i\000\363\000n\000\040\000L\000i\000n\000e\000a\000l\000:\000\040\000P\000r\000e\000d\000i\000c\000c\000i\000\363\000n\000\040\000d\000e\000\040\000G\0003}{section.6}% 34
\BOOKMARK [3][-]{subsubsection.6.1.1}{\376\377\000M\000o\000d\000e\000l\000o\000\040\000b\000a\000s\000e}{subsection.6.1}% 35
\BOOKMARK [3][-]{subsubsection.6.1.2}{\376\377\000D\000e\000s\000e\000m\000p\000e\000\361\000o\000\040\000d\000e\000l\000\040\000m\000o\000d\000e\000l\000o}{subsection.6.1}% 36
\BOOKMARK [3][-]{subsubsection.6.1.3}{\376\377\000C\000o\000m\000p\000a\000r\000a\000c\000i\000\363\000n\000\040\000c\000o\000n\000\040\000r\000e\000g\000u\000l\000a\000r\000i\000z\000a\000c\000i\000\363\000n}{subsection.6.1}% 37
\BOOKMARK [2][-]{subsection.6.2}{\376\377\000R\000e\000g\000r\000e\000s\000i\000\363\000n\000\040\000L\000o\000g\000\355\000s\000t\000i\000c\000a\000:\000\040\000P\000r\000e\000d\000i\000c\000c\000i\000\363\000n\000\040\000d\000e\000\040\000a\000p\000r\000o\000b\000a\000c\000i\000\363\000n}{section.6}% 38
\BOOKMARK [3][-]{subsubsection.6.2.1}{\376\377\000V\000a\000r\000i\000a\000b\000l\000e\000\040\000d\000e\000p\000e\000n\000d\000i\000e\000n\000t\000e}{subsection.6.2}% 39
\BOOKMARK [3][-]{subsubsection.6.2.2}{\376\377\000V\000a\000r\000i\000a\000b\000l\000e\000s\000\040\000p\000r\000e\000d\000i\000c\000t\000o\000r\000a\000s}{subsection.6.2}% 40
\BOOKMARK [3][-]{subsubsection.6.2.3}{\376\377\000R\000e\000s\000u\000l\000t\000a\000d\000o\000s\000\040\000d\000e\000l\000\040\000m\000o\000d\000e\000l\000o}{subsection.6.2}% 41
\BOOKMARK [3][-]{subsubsection.6.2.4}{\376\377\000E\000v\000a\000l\000u\000a\000c\000i\000\363\000n\000\040\000d\000e\000l\000\040\000m\000o\000d\000e\000l\000o}{subsection.6.2}% 42
\BOOKMARK [1][-]{section.7}{\376\377\000C\000o\000n\000c\000l\000u\000s\000i\000o\000n\000e\000s}{}% 43
\BOOKMARK [2][-]{subsection.7.1}{\376\377\000R\000e\000s\000p\000u\000e\000s\000t\000a\000s\000\040\000a\000\040\000l\000a\000s\000\040\000h\000i\000p\000\363\000t\000e\000s\000i\000s\000\040\000p\000l\000a\000n\000t\000e\000a\000d\000a\000s}{section.7}% 44
\BOOKMARK [3][-]{subsubsection.7.1.1}{\376\377\0001\000.\000\040\000D\000i\000f\000e\000r\000e\000n\000c\000i\000a\000s\000\040\000p\000o\000r\000\040\000s\000e\000x\000o\000\040\000\050\000t\000-\000t\000e\000s\000t\000\051}{subsection.7.1}% 45
\BOOKMARK [3][-]{subsubsection.7.1.2}{\376\377\0002\000.\000\040\000N\000i\000v\000e\000l\000\040\000e\000d\000u\000c\000a\000t\000i\000v\000o\000\040\000m\000a\000t\000e\000r\000n\000o\000\040\000\050\000A\000N\000O\000V\000A\000\051}{subsection.7.1}% 46
\BOOKMARK [3][-]{subsubsection.7.1.3}{\376\377\0003\000.\000\040\000R\000e\000d\000u\000c\000c\000i\000\363\000n\000\040\000d\000i\000m\000e\000n\000s\000i\000o\000n\000a\000l\000\040\000\050\000P\000C\000A\000\051}{subsection.7.1}% 47
\BOOKMARK [3][-]{subsubsection.7.1.4}{\376\377\0004\000.\000\040\000P\000r\000e\000d\000i\000c\000c\000i\000\363\000n\000\040\000d\000e\000\040\000c\000a\000l\000i\000f\000i\000c\000a\000c\000i\000o\000n\000e\000s\000\040\000\050\000R\000e\000g\000r\000e\000s\000i\000\363\000n\000\040\000L\000i\000n\000e\000a\000l\000\051}{subsection.7.1}% 48
\BOOKMARK [3][-]{subsubsection.7.1.5}{\376\377\0005\000.\000\040\000C\000l\000a\000s\000i\000f\000i\000c\000a\000c\000i\000\363\000n\000\040\000d\000e\000\040\000a\000p\000r\000o\000b\000a\000c\000i\000\363\000n\000\040\000\050\000R\000e\000g\000r\000e\000s\000i\000\363\000n\000\040\000L\000o\000g\000\355\000s\000t\000i\000c\000a\000\051}{subsection.7.1}% 49
\BOOKMARK [2][-]{subsection.7.2}{\376\377\000P\000r\000i\000n\000c\000i\000p\000a\000l\000e\000s\000\040\000h\000a\000l\000l\000a\000z\000g\000o\000s\000\040\000m\000e\000t\000o\000d\000o\000l\000\363\000g\000i\000c\000o\000s}{section.7}% 50
\BOOKMARK [1][-]{section.8}{\376\377\000A\000n\000e\000x\000o\000s}{}% 51
\BOOKMARK [2][-]{subsection.8.1}{\376\377\000R\000e\000p\000o\000s\000i\000t\000o\000r\000i\000o\000\040\000y\000\040\000c\000o\000n\000t\000r\000o\000l\000\040\000d\000e\000\040\000v\000e\000r\000s\000i\000o\000n\000e\000s}{section.8}% 52
\BOOKMARK [2][-]{subsection.8.2}{\376\377\000C\000\363\000d\000i\000g\000o\000\040\000P\000y\000t\000h\000o\000n\000\040\000p\000r\000i\000n\000c\000i\000p\000a\000l}{section.8}% 53
\BOOKMARK [3][-]{subsubsection.8.2.1}{\376\377\000A\000n\000\341\000l\000i\000s\000i\000s\000\040\000t\000-\000t\000e\000s\000t}{subsection.8.2}% 54
\BOOKMARK [3][-]{subsubsection.8.2.2}{\376\377\000A\000N\000O\000V\000A\000\040\000p\000a\000r\000a\000\040\000n\000i\000v\000e\000l\000\040\000e\000d\000u\000c\000a\000t\000i\000v\000o}{subsection.8.2}% 55
\BOOKMARK [3][-]{subsubsection.8.2.3}{\376\377\000P\000C\000A}{subsection.8.2}% 56
\BOOKMARK [3][-]{subsubsection.8.2.4}{\376\377\000R\000e\000g\000r\000e\000s\000i\000\363\000n\000\040\000L\000i\000n\000e\000a\000l}{subsection.8.2}% 57
\BOOKMARK [3][-]{subsubsection.8.2.5}{\376\377\000R\000e\000g\000r\000e\000s\000i\000\363\000n\000\040\000L\000o\000g\000\355\000s\000t\000i\000c\000a}{subsection.8.2}% 58
\BOOKMARK [2][-]{subsection.8.3}{\376\377\000E\000q\000u\000i\000v\000a\000l\000e\000n\000t\000e\000\040\000e\000n\000\040\000R}{section.8}% 59
\BOOKMARK [3][-]{subsubsection.8.3.1}{\376\377\000C\000a\000r\000g\000a\000\040\000d\000e\000\040\000d\000a\000t\000o\000s\000\040\000y\000\040\000a\000n\000\341\000l\000i\000s\000i\000s\000\040\000b\000\341\000s\000i\000c\000o}{subsection.8.3}% 60
\BOOKMARK [3][-]{subsubsection.8.3.2}{\376\377\000t\000-\000t\000e\000s\000t\000\040\000e\000n\000\040\000R}{subsection.8.3}% 61
\BOOKMARK [3][-]{subsubsection.8.3.3}{\376\377\000A\000N\000O\000V\000A\000\040\000e\000n\000\040\000R}{subsection.8.3}% 62
\BOOKMARK [3][-]{subsubsection.8.3.4}{\376\377\000P\000C\000A\000\040\000e\000n\000\040\000R}{subsection.8.3}% 63
\BOOKMARK [2][-]{subsection.8.4}{\376\377\000M\000e\000t\000o\000d\000o\000l\000o\000g\000\355\000a\000\040\000d\000e\000\040\000v\000a\000l\000i\000d\000a\000c\000i\000\363\000n}{section.8}% 64
\BOOKMARK [1][-]{section.9}{\376\377\000R\000e\000f\000e\000r\000e\000n\000c\000i\000a\000s}{}% 65
